<?xml version="1.0" encoding="UTF-8"?>
<!-- Generated by org.testng.reporters.JUnitReportReporter -->
<testsuite hostname="nbmumanuja8" name="com.test.api.APITests.AppTest" tests="1" failures="0" timestamp="28 Apr 2021 06:30:01 GMT" time="0.000" errors="0">
  <testcase name="testApp" time="0.000" classname="com.test.api.APITests.AppTest"/>
</testsuite> <!-- com.test.api.APITests.AppTest -->
